<?xml version="1.0" encoding="UTF-8"?>
<testsuite xmlns:xsi="http://www.w3.org/2001/XMLSchema-instance" xsi:noNamespaceSchemaLocation="https://maven.apache.org/surefire/maven-surefire-plugin/xsd/surefire-test-report.xsd" name="com.itheima.SpringbootWebConfig2ApplicationTests" time="2.002" tests="4" errors="0" skipped="0" failures="0">
  <properties>
    <property name="sun.desktop" value="windows"/>
    <property name="awt.toolkit" value="sun.awt.windows.WToolkit"/>
    <property name="java.specification.version" value="11"/>
    <property name="sun.cpu.isalist" value="amd64"/>
    <property name="sun.jnu.encoding" value="GBK"/>
    <property name="java.class.path" value="E:\DevelopProject\itheima_web_project\springboot-web-config2\target\test-classes;E:\DevelopProject\itheima_web_project\springboot-web-config2\target\classes;D:\Application\Develop\apache-maven-3.8.8\mvn_repo\org\springframework\boot\spring-boot-starter-web\2.7.5\spring-boot-starter-web-2.7.5.jar;D:\Application\Develop\apache-maven-3.8.8\mvn_repo\org\springframework\boot\spring-boot-starter\2.7.5\spring-boot-starter-2.7.5.jar;D:\Application\Develop\apache-maven-3.8.8\mvn_repo\org\springframework\boot\spring-boot\2.7.5\spring-boot-2.7.5.jar;D:\Application\Develop\apache-maven-3.8.8\mvn_repo\org\springframework\boot\spring-boot-autoconfigure\2.7.5\spring-boot-autoconfigure-2.7.5.jar;D:\Application\Develop\apache-maven-3.8.8\mvn_repo\org\springframework\boot\spring-boot-starter-logging\2.7.5\spring-boot-starter-logging-2.7.5.jar;D:\Application\Develop\apache-maven-3.8.8\mvn_repo\ch\qos\logback\logback-classic\1.2.11\logback-classic-1.2.11.jar;D:\Application\Develop\apache-maven-3.8.8\mvn_repo\ch\qos\logback\logback-core\1.2.11\logback-core-1.2.11.jar;D:\Application\Develop\apache-maven-3.8.8\mvn_repo\org\apache\logging\log4j\log4j-to-slf4j\2.17.2\log4j-to-slf4j-2.17.2.jar;D:\Application\Develop\apache-maven-3.8.8\mvn_repo\org\apache\logging\log4j\log4j-api\2.17.2\log4j-api-2.17.2.jar;D:\Application\Develop\apache-maven-3.8.8\mvn_repo\org\slf4j\jul-to-slf4j\1.7.36\jul-to-slf4j-1.7.36.jar;D:\Application\Develop\apache-maven-3.8.8\mvn_repo\jakarta\annotation\jakarta.annotation-api\1.3.5\jakarta.annotation-api-1.3.5.jar;D:\Application\Develop\apache-maven-3.8.8\mvn_repo\org\yaml\snakeyaml\1.30\snakeyaml-1.30.jar;D:\Application\Develop\apache-maven-3.8.8\mvn_repo\org\springframework\boot\spring-boot-starter-json\2.7.5\spring-boot-starter-json-2.7.5.jar;D:\Application\Develop\apache-maven-3.8.8\mvn_repo\com\fasterxml\jackson\datatype\jackson-datatype-jdk8\2.13.4\jackson-datatype-jdk8-2.13.4.jar;D:\Application\Develop\apache-maven-3.8.8\mvn_repo\com\fasterxml\jackson\datatype\jackson-datatype-jsr310\2.13.4\jackson-datatype-jsr310-2.13.4.jar;D:\Application\Develop\apache-maven-3.8.8\mvn_repo\com\fasterxml\jackson\module\jackson-module-parameter-names\2.13.4\jackson-module-parameter-names-2.13.4.jar;D:\Application\Develop\apache-maven-3.8.8\mvn_repo\org\springframework\boot\spring-boot-starter-tomcat\2.7.5\spring-boot-starter-tomcat-2.7.5.jar;D:\Application\Develop\apache-maven-3.8.8\mvn_repo\org\apache\tomcat\embed\tomcat-embed-core\9.0.68\tomcat-embed-core-9.0.68.jar;D:\Application\Develop\apache-maven-3.8.8\mvn_repo\org\apache\tomcat\embed\tomcat-embed-el\9.0.68\tomcat-embed-el-9.0.68.jar;D:\Application\Develop\apache-maven-3.8.8\mvn_repo\org\apache\tomcat\embed\tomcat-embed-websocket\9.0.68\tomcat-embed-websocket-9.0.68.jar;D:\Application\Develop\apache-maven-3.8.8\mvn_repo\org\springframework\spring-web\5.3.23\spring-web-5.3.23.jar;D:\Application\Develop\apache-maven-3.8.8\mvn_repo\org\springframework\spring-beans\5.3.23\spring-beans-5.3.23.jar;D:\Application\Develop\apache-maven-3.8.8\mvn_repo\org\springframework\spring-webmvc\5.3.23\spring-webmvc-5.3.23.jar;D:\Application\Develop\apache-maven-3.8.8\mvn_repo\org\springframework\spring-aop\5.3.23\spring-aop-5.3.23.jar;D:\Application\Develop\apache-maven-3.8.8\mvn_repo\org\springframework\spring-context\5.3.23\spring-context-5.3.23.jar;D:\Application\Develop\apache-maven-3.8.8\mvn_repo\org\springframework\spring-expression\5.3.23\spring-expression-5.3.23.jar;D:\Application\Develop\apache-maven-3.8.8\mvn_repo\org\projectlombok\lombok\1.18.24\lombok-1.18.24.jar;D:\Application\Develop\apache-maven-3.8.8\mvn_repo\org\mybatis\spring\boot\mybatis-spring-boot-starter\2.2.2\mybatis-spring-boot-starter-2.2.2.jar;D:\Application\Develop\apache-maven-3.8.8\mvn_repo\org\springframework\boot\spring-boot-starter-jdbc\2.7.5\spring-boot-starter-jdbc-2.7.5.jar;D:\Application\Develop\apache-maven-3.8.8\mvn_repo\com\zaxxer\HikariCP\4.0.3\HikariCP-4.0.3.jar;D:\Application\Develop\apache-maven-3.8.8\mvn_repo\org\springframework\spring-jdbc\5.3.23\spring-jdbc-5.3.23.jar;D:\Application\Develop\apache-maven-3.8.8\mvn_repo\org\springframework\spring-tx\5.3.23\spring-tx-5.3.23.jar;D:\Application\Develop\apache-maven-3.8.8\mvn_repo\org\mybatis\spring\boot\mybatis-spring-boot-autoconfigure\2.2.2\mybatis-spring-boot-autoconfigure-2.2.2.jar;D:\Application\Develop\apache-maven-3.8.8\mvn_repo\org\mybatis\mybatis\3.5.9\mybatis-3.5.9.jar;D:\Application\Develop\apache-maven-3.8.8\mvn_repo\org\mybatis\mybatis-spring\2.0.7\mybatis-spring-2.0.7.jar;D:\Application\Develop\apache-maven-3.8.8\mvn_repo\com\mysql\mysql-connector-j\8.0.31\mysql-connector-j-8.0.31.jar;D:\Application\Develop\apache-maven-3.8.8\mvn_repo\org\springframework\boot\spring-boot-starter-test\2.7.5\spring-boot-starter-test-2.7.5.jar;D:\Application\Develop\apache-maven-3.8.8\mvn_repo\org\springframework\boot\spring-boot-test\2.7.5\spring-boot-test-2.7.5.jar;D:\Application\Develop\apache-maven-3.8.8\mvn_repo\org\springframework\boot\spring-boot-test-autoconfigure\2.7.5\spring-boot-test-autoconfigure-2.7.5.jar;D:\Application\Develop\apache-maven-3.8.8\mvn_repo\com\jayway\jsonpath\json-path\2.7.0\json-path-2.7.0.jar;D:\Application\Develop\apache-maven-3.8.8\mvn_repo\net\minidev\json-smart\2.4.8\json-smart-2.4.8.jar;D:\Application\Develop\apache-maven-3.8.8\mvn_repo\net\minidev\accessors-smart\2.4.8\accessors-smart-2.4.8.jar;D:\Application\Develop\apache-maven-3.8.8\mvn_repo\org\ow2\asm\asm\9.1\asm-9.1.jar;D:\Application\Develop\apache-maven-3.8.8\mvn_repo\org\slf4j\slf4j-api\1.7.36\slf4j-api-1.7.36.jar;D:\Application\Develop\apache-maven-3.8.8\mvn_repo\jakarta\xml\bind\jakarta.xml.bind-api\2.3.3\jakarta.xml.bind-api-2.3.3.jar;D:\Application\Develop\apache-maven-3.8.8\mvn_repo\jakarta\activation\jakarta.activation-api\1.2.2\jakarta.activation-api-1.2.2.jar;D:\Application\Develop\apache-maven-3.8.8\mvn_repo\org\assertj\assertj-core\3.22.0\assertj-core-3.22.0.jar;D:\Application\Develop\apache-maven-3.8.8\mvn_repo\org\hamcrest\hamcrest\2.2\hamcrest-2.2.jar;D:\Application\Develop\apache-maven-3.8.8\mvn_repo\org\junit\jupiter\junit-jupiter\5.8.2\junit-jupiter-5.8.2.jar;D:\Application\Develop\apache-maven-3.8.8\mvn_repo\org\junit\jupiter\junit-jupiter-api\5.8.2\junit-jupiter-api-5.8.2.jar;D:\Application\Develop\apache-maven-3.8.8\mvn_repo\org\opentest4j\opentest4j\1.2.0\opentest4j-1.2.0.jar;D:\Application\Develop\apache-maven-3.8.8\mvn_repo\org\junit\platform\junit-platform-commons\1.8.2\junit-platform-commons-1.8.2.jar;D:\Application\Develop\apache-maven-3.8.8\mvn_repo\org\apiguardian\apiguardian-api\1.1.2\apiguardian-api-1.1.2.jar;D:\Application\Develop\apache-maven-3.8.8\mvn_repo\org\junit\jupiter\junit-jupiter-params\5.8.2\junit-jupiter-params-5.8.2.jar;D:\Application\Develop\apache-maven-3.8.8\mvn_repo\org\junit\jupiter\junit-jupiter-engine\5.8.2\junit-jupiter-engine-5.8.2.jar;D:\Application\Develop\apache-maven-3.8.8\mvn_repo\org\junit\platform\junit-platform-engine\1.8.2\junit-platform-engine-1.8.2.jar;D:\Application\Develop\apache-maven-3.8.8\mvn_repo\org\mockito\mockito-core\4.5.1\mockito-core-4.5.1.jar;D:\Application\Develop\apache-maven-3.8.8\mvn_repo\net\bytebuddy\byte-buddy\1.12.18\byte-buddy-1.12.18.jar;D:\Application\Develop\apache-maven-3.8.8\mvn_repo\net\bytebuddy\byte-buddy-agent\1.12.18\byte-buddy-agent-1.12.18.jar;D:\Application\Develop\apache-maven-3.8.8\mvn_repo\org\objenesis\objenesis\3.2\objenesis-3.2.jar;D:\Application\Develop\apache-maven-3.8.8\mvn_repo\org\mockito\mockito-junit-jupiter\4.5.1\mockito-junit-jupiter-4.5.1.jar;D:\Application\Develop\apache-maven-3.8.8\mvn_repo\org\skyscreamer\jsonassert\1.5.1\jsonassert-1.5.1.jar;D:\Application\Develop\apache-maven-3.8.8\mvn_repo\com\vaadin\external\google\android-json\0.0.20131108.vaadin1\android-json-0.0.20131108.vaadin1.jar;D:\Application\Develop\apache-maven-3.8.8\mvn_repo\org\springframework\spring-core\5.3.23\spring-core-5.3.23.jar;D:\Application\Develop\apache-maven-3.8.8\mvn_repo\org\springframework\spring-jcl\5.3.23\spring-jcl-5.3.23.jar;D:\Application\Develop\apache-maven-3.8.8\mvn_repo\org\springframework\spring-test\5.3.23\spring-test-5.3.23.jar;D:\Application\Develop\apache-maven-3.8.8\mvn_repo\org\xmlunit\xmlunit-core\2.9.0\xmlunit-core-2.9.0.jar;D:\Application\Develop\apache-maven-3.8.8\mvn_repo\io\jsonwebtoken\jjwt\0.9.1\jjwt-0.9.1.jar;D:\Application\Develop\apache-maven-3.8.8\mvn_repo\com\fasterxml\jackson\core\jackson-databind\2.13.4.2\jackson-databind-2.13.4.2.jar;D:\Application\Develop\apache-maven-3.8.8\mvn_repo\com\fasterxml\jackson\core\jackson-annotations\2.13.4\jackson-annotations-2.13.4.jar;D:\Application\Develop\apache-maven-3.8.8\mvn_repo\com\fasterxml\jackson\core\jackson-core\2.13.4\jackson-core-2.13.4.jar;D:\Application\Develop\apache-maven-3.8.8\mvn_repo\com\alibaba\fastjson\1.2.76\fastjson-1.2.76.jar;D:\Application\Develop\apache-maven-3.8.8\mvn_repo\org\dom4j\dom4j\2.1.3\dom4j-2.1.3.jar;"/>
    <property name="java.vm.vendor" value="Oracle Corporation"/>
    <property name="sun.arch.data.model" value="64"/>
    <property name="user.variant" value=""/>
    <property name="java.vendor.url" value="https://openjdk.java.net/"/>
    <property name="user.timezone" value="Asia/Shanghai"/>
    <property name="java.vm.specification.version" value="11"/>
    <property name="os.name" value="Windows 11"/>
    <property name="sun.java.launcher" value="SUN_STANDARD"/>
    <property name="user.country" value="CN"/>
    <property name="sun.boot.library.path" value="D:\Application\Develop\java11\jdk-11\bin"/>
    <property name="sun.java.command" value="C:\Users\PC\AppData\Local\Temp\surefire1514310001934287700\surefirebooter4908432997714423090.jar C:\Users\PC\AppData\Local\Temp\surefire1514310001934287700 2024-07-10T22-27-12_132-jvmRun1 surefire17176344180300071935tmp surefire_014186565978040046265tmp"/>
    <property name="jdk.debug" value="release"/>
    <property name="surefire.test.class.path" value="E:\DevelopProject\itheima_web_project\springboot-web-config2\target\test-classes;E:\DevelopProject\itheima_web_project\springboot-web-config2\target\classes;D:\Application\Develop\apache-maven-3.8.8\mvn_repo\org\springframework\boot\spring-boot-starter-web\2.7.5\spring-boot-starter-web-2.7.5.jar;D:\Application\Develop\apache-maven-3.8.8\mvn_repo\org\springframework\boot\spring-boot-starter\2.7.5\spring-boot-starter-2.7.5.jar;D:\Application\Develop\apache-maven-3.8.8\mvn_repo\org\springframework\boot\spring-boot\2.7.5\spring-boot-2.7.5.jar;D:\Application\Develop\apache-maven-3.8.8\mvn_repo\org\springframework\boot\spring-boot-autoconfigure\2.7.5\spring-boot-autoconfigure-2.7.5.jar;D:\Application\Develop\apache-maven-3.8.8\mvn_repo\org\springframework\boot\spring-boot-starter-logging\2.7.5\spring-boot-starter-logging-2.7.5.jar;D:\Application\Develop\apache-maven-3.8.8\mvn_repo\ch\qos\logback\logback-classic\1.2.11\logback-classic-1.2.11.jar;D:\Application\Develop\apache-maven-3.8.8\mvn_repo\ch\qos\logback\logback-core\1.2.11\logback-core-1.2.11.jar;D:\Application\Develop\apache-maven-3.8.8\mvn_repo\org\apache\logging\log4j\log4j-to-slf4j\2.17.2\log4j-to-slf4j-2.17.2.jar;D:\Application\Develop\apache-maven-3.8.8\mvn_repo\org\apache\logging\log4j\log4j-api\2.17.2\log4j-api-2.17.2.jar;D:\Application\Develop\apache-maven-3.8.8\mvn_repo\org\slf4j\jul-to-slf4j\1.7.36\jul-to-slf4j-1.7.36.jar;D:\Application\Develop\apache-maven-3.8.8\mvn_repo\jakarta\annotation\jakarta.annotation-api\1.3.5\jakarta.annotation-api-1.3.5.jar;D:\Application\Develop\apache-maven-3.8.8\mvn_repo\org\yaml\snakeyaml\1.30\snakeyaml-1.30.jar;D:\Application\Develop\apache-maven-3.8.8\mvn_repo\org\springframework\boot\spring-boot-starter-json\2.7.5\spring-boot-starter-json-2.7.5.jar;D:\Application\Develop\apache-maven-3.8.8\mvn_repo\com\fasterxml\jackson\datatype\jackson-datatype-jdk8\2.13.4\jackson-datatype-jdk8-2.13.4.jar;D:\Application\Develop\apache-maven-3.8.8\mvn_repo\com\fasterxml\jackson\datatype\jackson-datatype-jsr310\2.13.4\jackson-datatype-jsr310-2.13.4.jar;D:\Application\Develop\apache-maven-3.8.8\mvn_repo\com\fasterxml\jackson\module\jackson-module-parameter-names\2.13.4\jackson-module-parameter-names-2.13.4.jar;D:\Application\Develop\apache-maven-3.8.8\mvn_repo\org\springframework\boot\spring-boot-starter-tomcat\2.7.5\spring-boot-starter-tomcat-2.7.5.jar;D:\Application\Develop\apache-maven-3.8.8\mvn_repo\org\apache\tomcat\embed\tomcat-embed-core\9.0.68\tomcat-embed-core-9.0.68.jar;D:\Application\Develop\apache-maven-3.8.8\mvn_repo\org\apache\tomcat\embed\tomcat-embed-el\9.0.68\tomcat-embed-el-9.0.68.jar;D:\Application\Develop\apache-maven-3.8.8\mvn_repo\org\apache\tomcat\embed\tomcat-embed-websocket\9.0.68\tomcat-embed-websocket-9.0.68.jar;D:\Application\Develop\apache-maven-3.8.8\mvn_repo\org\springframework\spring-web\5.3.23\spring-web-5.3.23.jar;D:\Application\Develop\apache-maven-3.8.8\mvn_repo\org\springframework\spring-beans\5.3.23\spring-beans-5.3.23.jar;D:\Application\Develop\apache-maven-3.8.8\mvn_repo\org\springframework\spring-webmvc\5.3.23\spring-webmvc-5.3.23.jar;D:\Application\Develop\apache-maven-3.8.8\mvn_repo\org\springframework\spring-aop\5.3.23\spring-aop-5.3.23.jar;D:\Application\Develop\apache-maven-3.8.8\mvn_repo\org\springframework\spring-context\5.3.23\spring-context-5.3.23.jar;D:\Application\Develop\apache-maven-3.8.8\mvn_repo\org\springframework\spring-expression\5.3.23\spring-expression-5.3.23.jar;D:\Application\Develop\apache-maven-3.8.8\mvn_repo\org\projectlombok\lombok\1.18.24\lombok-1.18.24.jar;D:\Application\Develop\apache-maven-3.8.8\mvn_repo\org\mybatis\spring\boot\mybatis-spring-boot-starter\2.2.2\mybatis-spring-boot-starter-2.2.2.jar;D:\Application\Develop\apache-maven-3.8.8\mvn_repo\org\springframework\boot\spring-boot-starter-jdbc\2.7.5\spring-boot-starter-jdbc-2.7.5.jar;D:\Application\Develop\apache-maven-3.8.8\mvn_repo\com\zaxxer\HikariCP\4.0.3\HikariCP-4.0.3.jar;D:\Application\Develop\apache-maven-3.8.8\mvn_repo\org\springframework\spring-jdbc\5.3.23\spring-jdbc-5.3.23.jar;D:\Application\Develop\apache-maven-3.8.8\mvn_repo\org\springframework\spring-tx\5.3.23\spring-tx-5.3.23.jar;D:\Application\Develop\apache-maven-3.8.8\mvn_repo\org\mybatis\spring\boot\mybatis-spring-boot-autoconfigure\2.2.2\mybatis-spring-boot-autoconfigure-2.2.2.jar;D:\Application\Develop\apache-maven-3.8.8\mvn_repo\org\mybatis\mybatis\3.5.9\mybatis-3.5.9.jar;D:\Application\Develop\apache-maven-3.8.8\mvn_repo\org\mybatis\mybatis-spring\2.0.7\mybatis-spring-2.0.7.jar;D:\Application\Develop\apache-maven-3.8.8\mvn_repo\com\mysql\mysql-connector-j\8.0.31\mysql-connector-j-8.0.31.jar;D:\Application\Develop\apache-maven-3.8.8\mvn_repo\org\springframework\boot\spring-boot-starter-test\2.7.5\spring-boot-starter-test-2.7.5.jar;D:\Application\Develop\apache-maven-3.8.8\mvn_repo\org\springframework\boot\spring-boot-test\2.7.5\spring-boot-test-2.7.5.jar;D:\Application\Develop\apache-maven-3.8.8\mvn_repo\org\springframework\boot\spring-boot-test-autoconfigure\2.7.5\spring-boot-test-autoconfigure-2.7.5.jar;D:\Application\Develop\apache-maven-3.8.8\mvn_repo\com\jayway\jsonpath\json-path\2.7.0\json-path-2.7.0.jar;D:\Application\Develop\apache-maven-3.8.8\mvn_repo\net\minidev\json-smart\2.4.8\json-smart-2.4.8.jar;D:\Application\Develop\apache-maven-3.8.8\mvn_repo\net\minidev\accessors-smart\2.4.8\accessors-smart-2.4.8.jar;D:\Application\Develop\apache-maven-3.8.8\mvn_repo\org\ow2\asm\asm\9.1\asm-9.1.jar;D:\Application\Develop\apache-maven-3.8.8\mvn_repo\org\slf4j\slf4j-api\1.7.36\slf4j-api-1.7.36.jar;D:\Application\Develop\apache-maven-3.8.8\mvn_repo\jakarta\xml\bind\jakarta.xml.bind-api\2.3.3\jakarta.xml.bind-api-2.3.3.jar;D:\Application\Develop\apache-maven-3.8.8\mvn_repo\jakarta\activation\jakarta.activation-api\1.2.2\jakarta.activation-api-1.2.2.jar;D:\Application\Develop\apache-maven-3.8.8\mvn_repo\org\assertj\assertj-core\3.22.0\assertj-core-3.22.0.jar;D:\Application\Develop\apache-maven-3.8.8\mvn_repo\org\hamcrest\hamcrest\2.2\hamcrest-2.2.jar;D:\Application\Develop\apache-maven-3.8.8\mvn_repo\org\junit\jupiter\junit-jupiter\5.8.2\junit-jupiter-5.8.2.jar;D:\Application\Develop\apache-maven-3.8.8\mvn_repo\org\junit\jupiter\junit-jupiter-api\5.8.2\junit-jupiter-api-5.8.2.jar;D:\Application\Develop\apache-maven-3.8.8\mvn_repo\org\opentest4j\opentest4j\1.2.0\opentest4j-1.2.0.jar;D:\Application\Develop\apache-maven-3.8.8\mvn_repo\org\junit\platform\junit-platform-commons\1.8.2\junit-platform-commons-1.8.2.jar;D:\Application\Develop\apache-maven-3.8.8\mvn_repo\org\apiguardian\apiguardian-api\1.1.2\apiguardian-api-1.1.2.jar;D:\Application\Develop\apache-maven-3.8.8\mvn_repo\org\junit\jupiter\junit-jupiter-params\5.8.2\junit-jupiter-params-5.8.2.jar;D:\Application\Develop\apache-maven-3.8.8\mvn_repo\org\junit\jupiter\junit-jupiter-engine\5.8.2\junit-jupiter-engine-5.8.2.jar;D:\Application\Develop\apache-maven-3.8.8\mvn_repo\org\junit\platform\junit-platform-engine\1.8.2\junit-platform-engine-1.8.2.jar;D:\Application\Develop\apache-maven-3.8.8\mvn_repo\org\mockito\mockito-core\4.5.1\mockito-core-4.5.1.jar;D:\Application\Develop\apache-maven-3.8.8\mvn_repo\net\bytebuddy\byte-buddy\1.12.18\byte-buddy-1.12.18.jar;D:\Application\Develop\apache-maven-3.8.8\mvn_repo\net\bytebuddy\byte-buddy-agent\1.12.18\byte-buddy-agent-1.12.18.jar;D:\Application\Develop\apache-maven-3.8.8\mvn_repo\org\objenesis\objenesis\3.2\objenesis-3.2.jar;D:\Application\Develop\apache-maven-3.8.8\mvn_repo\org\mockito\mockito-junit-jupiter\4.5.1\mockito-junit-jupiter-4.5.1.jar;D:\Application\Develop\apache-maven-3.8.8\mvn_repo\org\skyscreamer\jsonassert\1.5.1\jsonassert-1.5.1.jar;D:\Application\Develop\apache-maven-3.8.8\mvn_repo\com\vaadin\external\google\android-json\0.0.20131108.vaadin1\android-json-0.0.20131108.vaadin1.jar;D:\Application\Develop\apache-maven-3.8.8\mvn_repo\org\springframework\spring-core\5.3.23\spring-core-5.3.23.jar;D:\Application\Develop\apache-maven-3.8.8\mvn_repo\org\springframework\spring-jcl\5.3.23\spring-jcl-5.3.23.jar;D:\Application\Develop\apache-maven-3.8.8\mvn_repo\org\springframework\spring-test\5.3.23\spring-test-5.3.23.jar;D:\Application\Develop\apache-maven-3.8.8\mvn_repo\org\xmlunit\xmlunit-core\2.9.0\xmlunit-core-2.9.0.jar;D:\Application\Develop\apache-maven-3.8.8\mvn_repo\io\jsonwebtoken\jjwt\0.9.1\jjwt-0.9.1.jar;D:\Application\Develop\apache-maven-3.8.8\mvn_repo\com\fasterxml\jackson\core\jackson-databind\2.13.4.2\jackson-databind-2.13.4.2.jar;D:\Application\Develop\apache-maven-3.8.8\mvn_repo\com\fasterxml\jackson\core\jackson-annotations\2.13.4\jackson-annotations-2.13.4.jar;D:\Application\Develop\apache-maven-3.8.8\mvn_repo\com\fasterxml\jackson\core\jackson-core\2.13.4\jackson-core-2.13.4.jar;D:\Application\Develop\apache-maven-3.8.8\mvn_repo\com\alibaba\fastjson\1.2.76\fastjson-1.2.76.jar;D:\Application\Develop\apache-maven-3.8.8\mvn_repo\org\dom4j\dom4j\2.1.3\dom4j-2.1.3.jar;"/>
    <property name="sun.cpu.endian" value="little"/>
    <property name="user.home" value="C:\Users\PC"/>
    <property name="user.language" value="zh"/>
    <property name="java.specification.vendor" value="Oracle Corporation"/>
    <property name="java.version.date" value="2023-07-18"/>
    <property name="java.home" value="D:\Application\Develop\java11\jdk-11"/>
    <property name="file.separator" value="\"/>
    <property name="basedir" value="E:\DevelopProject\itheima_web_project\springboot-web-config2"/>
    <property name="java.vm.compressedOopsMode" value="Zero based"/>
    <property name="line.separator" value="&#10;"/>
    <property name="java.specification.name" value="Java Platform API Specification"/>
    <property name="java.vm.specification.vendor" value="Oracle Corporation"/>
    <property name="java.awt.graphicsenv" value="sun.awt.Win32GraphicsEnvironment"/>
    <property name="surefire.real.class.path" value="C:\Users\PC\AppData\Local\Temp\surefire1514310001934287700\surefirebooter4908432997714423090.jar"/>
    <property name="user.script" value=""/>
    <property name="sun.management.compiler" value="HotSpot 64-Bit Tiered Compilers"/>
    <property name="java.runtime.version" value="11.0.20+9-LTS-256"/>
    <property name="user.name" value="PC"/>
    <property name="path.separator" value=";"/>
    <property name="os.version" value="10.0"/>
    <property name="java.runtime.name" value="Java(TM) SE Runtime Environment"/>
    <property name="file.encoding" value="GBK"/>
    <property name="java.vm.name" value="Java HotSpot(TM) 64-Bit Server VM"/>
    <property name="java.vendor.version" value="18.9"/>
    <property name="localRepository" value="D:\Application\Develop\apache-maven-3.8.8\mvn_repo"/>
    <property name="java.vendor.url.bug" value="https://bugreport.java.com/bugreport/"/>
    <property name="java.io.tmpdir" value="C:\Users\PC\AppData\Local\Temp\"/>
    <property name="idea.version" value="2023.2.1"/>
    <property name="java.version" value="11.0.20"/>
    <property name="user.dir" value="E:\DevelopProject\itheima_web_project\springboot-web-config2"/>
    <property name="os.arch" value="amd64"/>
    <property name="java.vm.specification.name" value="Java Virtual Machine Specification"/>
    <property name="java.awt.printerjob" value="sun.awt.windows.WPrinterJob"/>
    <property name="sun.os.patch.level" value=""/>
    <property name="java.library.path" value="D:\Application\Develop\java11\jdk-11\bin;C:\WINDOWS\Sun\Java\bin;C:\WINDOWS\system32;C:\WINDOWS;D:\Application\Develop\java11\jdk-11\bin;C:\Program Files\Common Files\Oracle\Java\javapath;C:\Program Files (x86)\Common Files\Oracle\Java\javapath;C:\Windows\system32;C:\Windows;C:\Windows\System32\Wbem;C:\Windows\System32\WindowsPowerShell\v1.0\;C:\Windows\System32\OpenSSH\;C:\Program Files (x86)\NVIDIA Corporation\PhysX\Common;C:\Program Files\NVIDIA Corporation\NVIDIA NvDLISR;C:\WINDOWS\system32;C:\WINDOWS;C:\WINDOWS\System32\Wbem;C:\WINDOWS\System32\WindowsPowerShell\v1.0\;C:\WINDOWS\System32\OpenSSH\;D:\Application\texlive\2023\bin\windows;D:\Application\NodeJs18.17.1\;D:\Application\NodeJs18.17.1\node_global\node_modules;D:\Application\Develop\apache-maven-3.8.8\bin;D:\Application\Develop\Git\cmd;C:\Program Files\Docker\Docker\resources\bin;D:\Application\Python\Python3.11.5\Scripts\;D:\Application\Python\Python3.11.5\;C:\Users\PC\AppData\Local\Microsoft\WindowsApps;D:\Application\IntelliJ IDEA 2023.2.1\bin;;D:\Application\NodeJs18.17.1\node_global;D:\Application\Microsoft VS Code\bin;."/>
    <property name="java.vendor" value="Oracle Corporation"/>
    <property name="java.vm.info" value="mixed mode"/>
    <property name="java.vm.version" value="11.0.20+9-LTS-256"/>
    <property name="java.specification.maintenance.version" value="2"/>
    <property name="sun.io.unicode.encoding" value="UnicodeLittle"/>
    <property name="java.class.version" value="55.0"/>
  </properties>
  <testcase name="testGetBean2" classname="com.itheima.SpringbootWebConfig2ApplicationTests" time="0.214"/>
  <testcase name="testScope" classname="com.itheima.SpringbootWebConfig2ApplicationTests" time="0.008"/>
  <testcase name="testGetBean" classname="com.itheima.SpringbootWebConfig2ApplicationTests" time="0.003"/>
  <testcase name="testThirdBean" classname="com.itheima.SpringbootWebConfig2ApplicationTests" time="0.029"/>
</testsuite>